生成启动时间为 2016-12-27 9:09:21。
     1>项目“c:\documents and settings\administrator\我的文档\visual studio 2010\Projects\xuxianda\xuxianda\xuxianda.vcxproj”在节点 2 上(build 个目标)。
     1>InitializeBuildStatus:
         正在创建“Debug\xuxianda.unsuccessfulbuild”，因为已指定“AlwaysCreate”。
       ClCompile:
         所有输出均为最新。
         c:\Program Files\Microsoft Visual Studio 10.0\VC\bin\CL.exe /c /ZI /nologo /W3 /WX- /Od /Oy- /D WIN32 /D _DEBUG /D _WINDOWS /D _UNICODE /D UNICODE /Gm /EHsc /RTC1 /MDd /GS /fp:precise /Zc:wchar_t /Zc:forScope /Fo"Debug\\" /Fd"Debug\vc100.pdb" /Gd /TP /analyze- /errorReport:prompt main.cpp
         main.cpp
       ManifestResourceCompile:
         所有输出均为最新。
       Link:
         c:\Program Files\Microsoft Visual Studio 10.0\VC\bin\link.exe /ERRORREPORT:PROMPT /OUT:"c:\documents and settings\administrator\我的文档\visual studio 2010\Projects\xuxianda\Debug\xuxianda.exe" /INCREMENTAL /NOLOGO kernel32.lib user32.lib gdi32.lib winspool.lib comdlg32.lib advapi32.lib shell32.lib ole32.lib oleaut32.lib uuid.lib odbc32.lib odbccp32.lib /MANIFEST /ManifestFile:"Debug\xuxianda.exe.intermediate.manifest" /MANIFESTUAC:"level='asInvoker' uiAccess='false'" /DEBUG /PDB:"c:\documents and settings\administrator\我的文档\visual studio 2010\Projects\xuxianda\Debug\xuxianda.pdb" /SUBSYSTEM:WINDOWS /TLBID:1 /DYNAMICBASE /NXCOMPAT /IMPLIB:"c:\documents and settings\administrator\我的文档\visual studio 2010\Projects\xuxianda\Debug\xuxianda.lib" /MACHINE:X86 Debug\xuxianda.exe.embed.manifest.res
         Debug\acllib.obj
         Debug\AutoSprite.obj
         Debug\AutoSprite2.obj
         Debug\AutoSprite3.obj
         Debug\AutoSprite4.obj
         Debug\ControlledSprite.obj
         Debug\luzhang.obj
         Debug\main.obj
       Manifest:
         c:\Program Files\Microsoft SDKs\Windows\v7.0A\bin\mt.exe /nologo /verbose /out:"Debug\xuxianda.exe.embed.manifest" /manifest Debug\xuxianda.exe.intermediate.manifest
         所有输出均为最新。
       LinkEmbedManifest:
         所有输出均为最新。
         xuxianda.vcxproj -> c:\documents and settings\administrator\我的文档\visual studio 2010\Projects\xuxianda\Debug\xuxianda.exe
       FinalizeBuildStatus:
         正在删除文件“Debug\xuxianda.unsuccessfulbuild”。
         正在对“Debug\xuxianda.lastbuildstate”执行 Touch 任务。
     1>已完成生成项目“c:\documents and settings\administrator\我的文档\visual studio 2010\Projects\xuxianda\xuxianda\xuxianda.vcxproj”(build 个目标)的操作。

生成成功。

已用时间 00:00:02.45
