C51 COMPILER V9.00   TEMP                                                                  05/12/2017 22:36:40 PAGE 1   


C51 COMPILER V9.00, COMPILATION OF MODULE TEMP
OBJECT MODULE PLACED IN temp.OBJ
COMPILER INVOKED BY: D:\程序\KEIL C51\C51\BIN\C51.EXE temp.c BROWSE DEBUG OBJECTEXTEND

line level    source

   1          #include"temp.h"
   2          /*******************************************************************************
   3          * 函 数 名         : delay_18B20
   4          * 函数功能                 : 延时函数
   5          * 输    入         : 无
   6          * 输    出         : 无
   7          *******************************************************************************/
   8          
   9          void delay_18B20(uint i)//延时1微秒
  10          {
  11   1         while(i--);
  12   1      }
  13          /*******************************************************************************
  14          * 函 数 名         : Ds18b20Init
  15          * 函数功能                 : 初始化
  16          * 输    入         : 无
  17          * 输    出         : 初始化成功返回1，失败返回0
  18          *******************************************************************************/
  19          
  20          void Ds18b20Init()/*ds1820复位*/
  21          {   
  22   1              uchar x=0;
  23   1              DQ = 1;          //DQ复位
  24   1              delay_18B20(4); //延时
  25   1              DQ = 0;          //DQ拉低
  26   1              delay_18B20(100); //精确延时大于480us
  27   1              DQ = 1;          //拉高
  28   1              delay_18B20(40); 
  29   1      }
  30          
  31          
  32          /*******************************************************************************
  33          * 函 数 名         : Ds18b20WriteByte
  34          * 函数功能                 : 向18B20写入一个字节
  35          * 输    入         : com
  36          * 输    出         : 无
  37          *******************************************************************************/
  38          
  39          void Ds18b20WriteByte(uchar dat)/*写数据*/
  40          {        
  41   1              uchar i=0;
  42   1              for (i=0; i<8; i++)
  43   1              {
  44   2                      DQ = 0;
  45   2                      DQ = dat&0x01;
  46   2                      delay_18B20(10);
  47   2                      DQ = 1;
  48   2                      dat>>=1;
  49   2              }
  50   1      }
  51          /*******************************************************************************
  52          * 函 数 名         : Ds18b20ReadByte
  53          * 函数功能                 : 读取一个字节
  54          * 输    入         : com
  55          * 输    出         : 无
C51 COMPILER V9.00   TEMP                                                                  05/12/2017 22:36:40 PAGE 2   

  56          *******************************************************************************/
  57          
  58          
  59          uchar Ds18b20ReadByte()/*读数据*/
  60          { 
  61   1              uchar i=0;
  62   1              uchar dat = 0;
  63   1              for (i=0;i<8;i++)
  64   1              {   
  65   2                      DQ = 0; //给脉冲信号
  66   2                      dat>>=1;
  67   2                      DQ = 1; //给脉冲信号
  68   2                      if(DQ)
  69   2                      dat|=0x80;
  70   2                      delay_18B20(10);
  71   2              }
  72   1              return(dat);
  73   1      }
  74          /*******************************************************************************
  75          * 函 数 名         : Ds18b20ReadTemp
  76          * 函数功能                 : 读取温度
  77          * 输    入         : com
  78          * 输    出         : 无
  79          *******************************************************************************/
  80          
  81          int Ds18b20ReadTemp()
  82          {
  83   1              int temp = 0;
  84   1              uchar tmh, tml;
  85   1              Ds18b20Init();
  86   1              delay_18B20(1);
  87   1              Ds18b20WriteByte(0xcc);         //跳过ROM操作命令                
  88   1              Ds18b20WriteByte(0x44);     //温度转换命令
  89   1      
  90   1              Ds18b20Init();
  91   1              delay_18B20(1);
  92   1              Ds18b20WriteByte(0xcc);  //跳过ROM操作命令
  93   1              Ds18b20WriteByte(0xbe);  //发送读取温度命令
  94   1      
  95   1              tml = Ds18b20ReadByte();                //读取温度值共16位，先读低字节
  96   1              tmh = Ds18b20ReadByte();                //再读高字节
  97   1              temp = tmh;
  98   1              temp <<= 8;
  99   1              temp |= tml;
 100   1              temp = temp*0.0625*100+0.5;
 101   1      //      delay_18B20();
 102   1              return temp;
 103   1      }
 104          
 105          


MODULE INFORMATION:   STATIC OVERLAYABLE
   CODE SIZE        =    176    ----
   CONSTANT SIZE    =   ----    ----
   XDATA SIZE       =   ----    ----
   PDATA SIZE       =   ----    ----
   DATA SIZE        =   ----       1
   IDATA SIZE       =   ----    ----
   BIT SIZE         =   ----    ----
END OF MODULE INFORMATION.


C51 COMPILATION COMPLETE.  0 WARNING(S),  0 ERROR(S)
